<?xml version="1.0" encoding="UTF-8"?>
<testng-results ignored="8" total="22" passed="9" failed="5" skipped="0">
  <reporter-output>
  </reporter-output>
  <suite started-at="2025-06-20T11:55:20 IST" name="Suite" finished-at="2025-06-20T11:56:24 IST" duration-ms="64536">
    <groups>
    </groups>
    <test started-at="2025-06-20T11:55:20 IST" name="Test2" finished-at="2025-06-20T11:55:35 IST" duration-ms="15395">
      <class name="com.saucelab.test.TestClass1">
        <test-method is-config="true" signature="setupLogger()[pri:0, instance:com.saucelab.test.TestClass1@742ff096]" started-at="2025-06-20T11:55:20 IST" name="setupLogger" finished-at="2025-06-20T11:55:20 IST" duration-ms="270" status="PASS">
          <reporter-output>
          </reporter-output>
        </test-method> <!-- setupLogger -->
        <test-method is-config="true" signature="setUpEnv(java.lang.String,java.lang.String,java.lang.String)[pri:0, instance:com.saucelab.test.TestClass1@742ff096]" started-at="2025-06-20T11:55:20 IST" name="setUpEnv" finished-at="2025-06-20T11:55:20 IST" duration-ms="2" status="PASS">
          <params>
            <param index="0">
              <value>
                <![CDATA[edge]]>
              </value>
            </param>
            <param index="1">
              <value>
                <![CDATA[windows]]>
              </value>
            </param>
            <param index="2">
              <value>
                <![CDATA[https://www.saucedemo.com/]]>
              </value>
            </param>
          </params>
          <reporter-output>
          </reporter-output>
        </test-method> <!-- setUpEnv -->
        <test-method signature="doLogin(java.util.HashMap)[pri:0, instance:com.saucelab.test.TestClass1@742ff096]" started-at="2025-06-20T11:55:20 IST" name="doLogin" data-provider="getData" finished-at="2025-06-20T11:55:27 IST" duration-ms="6692" status="PASS">
          <params>
            <param index="0">
              <value>
                <![CDATA[{runmode=y, password=secret_sauce, test_name=To verify Login feature is working fine, username=standard_user}]]>
              </value>
            </param>
          </params>
          <reporter-output>
          </reporter-output>
        </test-method> <!-- doLogin -->
        <test-method is-config="true" signature="quitBrowser()[pri:0, instance:com.saucelab.test.TestClass1@742ff096]" started-at="2025-06-20T11:55:27 IST" name="quitBrowser" finished-at="2025-06-20T11:55:28 IST" duration-ms="1778" status="PASS">
          <reporter-output>
          </reporter-output>
        </test-method> <!-- quitBrowser -->
        <test-method is-config="true" signature="setupLogger()[pri:0, instance:com.saucelab.test.TestClass1@742ff096]" started-at="2025-06-20T11:55:28 IST" name="setupLogger" finished-at="2025-06-20T11:55:28 IST" duration-ms="1" status="PASS">
          <reporter-output>
          </reporter-output>
        </test-method> <!-- setupLogger -->
        <test-method is-config="true" signature="removeLogger()[pri:0, instance:com.saucelab.test.TestClass1@742ff096]" started-at="2025-06-20T11:55:28 IST" name="removeLogger" finished-at="2025-06-20T11:55:28 IST" duration-ms="0" status="PASS">
          <reporter-output>
          </reporter-output>
        </test-method> <!-- removeLogger -->
        <test-method signature="doLogin(java.util.HashMap)[pri:0, instance:com.saucelab.test.TestClass1@742ff096]" started-at="2025-06-20T11:55:28 IST" name="doLogin" data-provider="getData" finished-at="2025-06-20T11:55:34 IST" duration-ms="5192" status="PASS">
          <params>
            <param index="0">
              <value>
                <![CDATA[{runmode=y, password=secret_sauce, test_name=To verify Login feature is working fine, username=visual_user}]]>
              </value>
            </param>
          </params>
          <reporter-output>
          </reporter-output>
        </test-method> <!-- doLogin -->
        <test-method is-config="true" signature="setUpEnv(java.lang.String,java.lang.String,java.lang.String)[pri:0, instance:com.saucelab.test.TestClass1@742ff096]" started-at="2025-06-20T11:55:28 IST" name="setUpEnv" finished-at="2025-06-20T11:55:28 IST" duration-ms="0" status="PASS">
          <params>
            <param index="0">
              <value>
                <![CDATA[edge]]>
              </value>
            </param>
            <param index="1">
              <value>
                <![CDATA[windows]]>
              </value>
            </param>
            <param index="2">
              <value>
                <![CDATA[https://www.saucedemo.com/]]>
              </value>
            </param>
          </params>
          <reporter-output>
          </reporter-output>
        </test-method> <!-- setUpEnv -->
        <test-method is-config="true" signature="quitBrowser()[pri:0, instance:com.saucelab.test.TestClass1@742ff096]" started-at="2025-06-20T11:55:34 IST" name="quitBrowser" finished-at="2025-06-20T11:55:35 IST" duration-ms="1379" status="PASS">
          <reporter-output>
          </reporter-output>
        </test-method> <!-- quitBrowser -->
        <test-method is-config="true" signature="removeLogger()[pri:0, instance:com.saucelab.test.TestClass1@742ff096]" started-at="2025-06-20T11:55:35 IST" name="removeLogger" finished-at="2025-06-20T11:55:35 IST" duration-ms="1" status="PASS">
          <reporter-output>
          </reporter-output>
        </test-method> <!-- removeLogger -->
      </class> <!-- com.saucelab.test.TestClass1 -->
    </test> <!-- Test2 -->
    <test started-at="2025-06-20T11:55:20 IST" name="Test3" finished-at="2025-06-20T11:55:41 IST" duration-ms="21438">
      <class name="com.saucelab.test.TestClass1">
        <test-method is-config="true" signature="initializeExtentReport()[pri:0, instance:com.saucelab.test.TestClass1@1c5920df]" started-at="2025-06-20T11:55:19 IST" name="initializeExtentReport" finished-at="2025-06-20T11:55:20 IST" duration-ms="221" status="PASS">
          <reporter-output>
          </reporter-output>
        </test-method> <!-- initializeExtentReport -->
        <test-method is-config="true" signature="setupLogger()[pri:0, instance:com.saucelab.test.TestClass1@1c5920df]" started-at="2025-06-20T11:55:20 IST" name="setupLogger" finished-at="2025-06-20T11:55:20 IST" duration-ms="527" status="PASS">
          <reporter-output>
          </reporter-output>
        </test-method> <!-- setupLogger -->
        <test-method is-config="true" signature="setUpEnv(java.lang.String,java.lang.String,java.lang.String)[pri:0, instance:com.saucelab.test.TestClass1@1c5920df]" started-at="2025-06-20T11:55:20 IST" name="setUpEnv" finished-at="2025-06-20T11:55:20 IST" duration-ms="1" status="PASS">
          <params>
            <param index="0">
              <value>
                <![CDATA[firefox]]>
              </value>
            </param>
            <param index="1">
              <value>
                <![CDATA[windows]]>
              </value>
            </param>
            <param index="2">
              <value>
                <![CDATA[https://www.saucedemo.com/]]>
              </value>
            </param>
          </params>
          <reporter-output>
          </reporter-output>
        </test-method> <!-- setUpEnv -->
        <test-method signature="doLogin(java.util.HashMap)[pri:0, instance:com.saucelab.test.TestClass1@1c5920df]" started-at="2025-06-20T11:55:20 IST" name="doLogin" data-provider="getData" finished-at="2025-06-20T11:55:30 IST" duration-ms="9353" status="PASS">
          <params>
            <param index="0">
              <value>
                <![CDATA[{runmode=y, password=secret_sauce, test_name=To verify Login feature is working fine, username=standard_user}]]>
              </value>
            </param>
          </params>
          <reporter-output>
          </reporter-output>
        </test-method> <!-- doLogin -->
        <test-method is-config="true" signature="quitBrowser()[pri:0, instance:com.saucelab.test.TestClass1@1c5920df]" started-at="2025-06-20T11:55:30 IST" name="quitBrowser" finished-at="2025-06-20T11:55:32 IST" duration-ms="2327" status="PASS">
          <reporter-output>
          </reporter-output>
        </test-method> <!-- quitBrowser -->
        <test-method is-config="true" signature="removeLogger()[pri:0, instance:com.saucelab.test.TestClass1@1c5920df]" started-at="2025-06-20T11:55:32 IST" name="removeLogger" finished-at="2025-06-20T11:55:32 IST" duration-ms="1" status="PASS">
          <reporter-output>
          </reporter-output>
        </test-method> <!-- removeLogger -->
        <test-method is-config="true" signature="setUpEnv(java.lang.String,java.lang.String,java.lang.String)[pri:0, instance:com.saucelab.test.TestClass1@1c5920df]" started-at="2025-06-20T11:55:32 IST" name="setUpEnv" finished-at="2025-06-20T11:55:32 IST" duration-ms="2" status="PASS">
          <params>
            <param index="0">
              <value>
                <![CDATA[firefox]]>
              </value>
            </param>
            <param index="1">
              <value>
                <![CDATA[windows]]>
              </value>
            </param>
            <param index="2">
              <value>
                <![CDATA[https://www.saucedemo.com/]]>
              </value>
            </param>
          </params>
          <reporter-output>
          </reporter-output>
        </test-method> <!-- setUpEnv -->
        <test-method is-config="true" signature="setupLogger()[pri:0, instance:com.saucelab.test.TestClass1@1c5920df]" started-at="2025-06-20T11:55:32 IST" name="setupLogger" finished-at="2025-06-20T11:55:32 IST" duration-ms="0" status="PASS">
          <reporter-output>
          </reporter-output>
        </test-method> <!-- setupLogger -->
        <test-method signature="doLogin(java.util.HashMap)[pri:0, instance:com.saucelab.test.TestClass1@1c5920df]" started-at="2025-06-20T11:55:32 IST" name="doLogin" data-provider="getData" finished-at="2025-06-20T11:55:39 IST" duration-ms="7281" status="PASS">
          <params>
            <param index="0">
              <value>
                <![CDATA[{runmode=y, password=secret_sauce, test_name=To verify Login feature is working fine, username=visual_user}]]>
              </value>
            </param>
          </params>
          <reporter-output>
          </reporter-output>
        </test-method> <!-- doLogin -->
        <test-method is-config="true" signature="quitBrowser()[pri:0, instance:com.saucelab.test.TestClass1@1c5920df]" started-at="2025-06-20T11:55:39 IST" name="quitBrowser" finished-at="2025-06-20T11:55:41 IST" duration-ms="1877" status="PASS">
          <reporter-output>
          </reporter-output>
        </test-method> <!-- quitBrowser -->
        <test-method is-config="true" signature="removeLogger()[pri:0, instance:com.saucelab.test.TestClass1@1c5920df]" started-at="2025-06-20T11:55:41 IST" name="removeLogger" finished-at="2025-06-20T11:55:41 IST" duration-ms="0" status="PASS">
          <reporter-output>
          </reporter-output>
        </test-method> <!-- removeLogger -->
        <test-method is-config="true" signature="flushExtentReport()[pri:0, instance:com.saucelab.test.TestClass1@1c5920df]" started-at="2025-06-20T11:56:24 IST" name="flushExtentReport" finished-at="2025-06-20T11:56:25 IST" duration-ms="389" status="PASS">
          <reporter-output>
          </reporter-output>
        </test-method> <!-- flushExtentReport -->
      </class> <!-- com.saucelab.test.TestClass1 -->
    </test> <!-- Test3 -->
    <test started-at="2025-06-20T11:55:20 IST" name="Test1" finished-at="2025-06-20T11:56:24 IST" duration-ms="64536">
      <class name="com.saucelab.test.TestClass1">
        <test-method is-config="true" signature="setupLogger()[pri:0, instance:com.saucelab.test.TestClass1@45099dd3]" started-at="2025-06-20T11:55:20 IST" name="setupLogger" finished-at="2025-06-20T11:55:20 IST" duration-ms="270" status="PASS">
          <reporter-output>
          </reporter-output>
        </test-method> <!-- setupLogger -->
        <test-method is-config="true" signature="setUpEnv(java.lang.String,java.lang.String,java.lang.String)[pri:0, instance:com.saucelab.test.TestClass1@45099dd3]" started-at="2025-06-20T11:55:20 IST" name="setUpEnv" finished-at="2025-06-20T11:55:20 IST" duration-ms="2" status="PASS">
          <params>
            <param index="0">
              <value>
                <![CDATA[chrome]]>
              </value>
            </param>
            <param index="1">
              <value>
                <![CDATA[windows]]>
              </value>
            </param>
            <param index="2">
              <value>
                <![CDATA[https://www.saucedemo.com/]]>
              </value>
            </param>
          </params>
          <reporter-output>
          </reporter-output>
        </test-method> <!-- setUpEnv -->
        <test-method signature="doLogin(java.util.HashMap)[pri:0, instance:com.saucelab.test.TestClass1@45099dd3]" started-at="2025-06-20T11:55:20 IST" name="doLogin" data-provider="getData" finished-at="2025-06-20T11:55:28 IST" duration-ms="7901" status="PASS">
          <params>
            <param index="0">
              <value>
                <![CDATA[{runmode=y, password=secret_sauce, test_name=To verify Login feature is working fine, username=standard_user}]]>
              </value>
            </param>
          </params>
          <reporter-output>
          </reporter-output>
        </test-method> <!-- doLogin -->
        <test-method is-config="true" signature="quitBrowser()[pri:0, instance:com.saucelab.test.TestClass1@45099dd3]" started-at="2025-06-20T11:55:28 IST" name="quitBrowser" finished-at="2025-06-20T11:55:28 IST" duration-ms="384" status="PASS">
          <reporter-output>
          </reporter-output>
        </test-method> <!-- quitBrowser -->
        <test-method is-config="true" signature="setupLogger()[pri:0, instance:com.saucelab.test.TestClass1@45099dd3]" started-at="2025-06-20T11:55:28 IST" name="setupLogger" finished-at="2025-06-20T11:55:28 IST" duration-ms="1" status="PASS">
          <reporter-output>
          </reporter-output>
        </test-method> <!-- setupLogger -->
        <test-method is-config="true" signature="removeLogger()[pri:0, instance:com.saucelab.test.TestClass1@45099dd3]" started-at="2025-06-20T11:55:28 IST" name="removeLogger" finished-at="2025-06-20T11:55:28 IST" duration-ms="0" status="PASS">
          <reporter-output>
          </reporter-output>
        </test-method> <!-- removeLogger -->
        <test-method signature="doLogin(java.util.HashMap)[pri:0, instance:com.saucelab.test.TestClass1@45099dd3]" started-at="2025-06-20T11:55:28 IST" name="doLogin" data-provider="getData" finished-at="2025-06-20T11:55:33 IST" duration-ms="4483" status="PASS">
          <params>
            <param index="0">
              <value>
                <![CDATA[{runmode=y, password=secret_sauce, test_name=To verify Login feature is working fine, username=visual_user}]]>
              </value>
            </param>
          </params>
          <reporter-output>
          </reporter-output>
        </test-method> <!-- doLogin -->
        <test-method is-config="true" signature="setUpEnv(java.lang.String,java.lang.String,java.lang.String)[pri:0, instance:com.saucelab.test.TestClass1@45099dd3]" started-at="2025-06-20T11:55:28 IST" name="setUpEnv" finished-at="2025-06-20T11:55:28 IST" duration-ms="0" status="PASS">
          <params>
            <param index="0">
              <value>
                <![CDATA[chrome]]>
              </value>
            </param>
            <param index="1">
              <value>
                <![CDATA[windows]]>
              </value>
            </param>
            <param index="2">
              <value>
                <![CDATA[https://www.saucedemo.com/]]>
              </value>
            </param>
          </params>
          <reporter-output>
          </reporter-output>
        </test-method> <!-- setUpEnv -->
        <test-method is-config="true" signature="quitBrowser()[pri:0, instance:com.saucelab.test.TestClass1@45099dd3]" started-at="2025-06-20T11:55:33 IST" name="quitBrowser" finished-at="2025-06-20T11:55:33 IST" duration-ms="295" status="PASS">
          <reporter-output>
          </reporter-output>
        </test-method> <!-- quitBrowser -->
        <test-method is-config="true" signature="removeLogger()[pri:0, instance:com.saucelab.test.TestClass1@45099dd3]" started-at="2025-06-20T11:55:33 IST" name="removeLogger" finished-at="2025-06-20T11:55:33 IST" duration-ms="0" status="PASS">
          <reporter-output>
          </reporter-output>
        </test-method> <!-- removeLogger -->
      </class> <!-- com.saucelab.test.TestClass1 -->
      <class name="com.saucelab.test.FailedTestClass">
        <test-method is-config="true" signature="setupLogger()[pri:0, instance:com.saucelab.test.FailedTestClass@1530c739]" started-at="2025-06-20T11:55:33 IST" name="setupLogger" finished-at="2025-06-20T11:55:33 IST" duration-ms="1" status="PASS">
          <reporter-output>
          </reporter-output>
        </test-method> <!-- setupLogger -->
        <test-method signature="testFail()[pri:0, instance:com.saucelab.test.FailedTestClass@1530c739]" started-at="2025-06-20T11:55:33 IST" name="testFail" finished-at="2025-06-20T11:55:35 IST" duration-ms="2183" status="FAIL">
          <exception class="java.lang.AssertionError">
            <message>
              <![CDATA[Deliberate fail expected [false] but found [true]]]>
            </message>
            <full-stacktrace>
              <![CDATA[java.lang.AssertionError: Deliberate fail expected [false] but found [true]
at org.testng.Assert.fail(Assert.java:110)
at org.testng.Assert.failNotEquals(Assert.java:1413)
at org.testng.Assert.assertFalse(Assert.java:78)
at com.saucelab.test.FailedTestClass.testFail(FailedTestClass.java:21)
at java.base/jdk.internal.reflect.NativeMethodAccessorImpl.invoke0(Native Method)
at java.base/jdk.internal.reflect.NativeMethodAccessorImpl.invoke(NativeMethodAccessorImpl.java:77)
at java.base/jdk.internal.reflect.DelegatingMethodAccessorImpl.invoke(DelegatingMethodAccessorImpl.java:43)
at java.base/java.lang.reflect.Method.invoke(Method.java:568)
at org.testng.internal.invokers.MethodInvocationHelper.invokeMethod(MethodInvocationHelper.java:139)
at org.testng.internal.invokers.TestInvoker.invokeMethod(TestInvoker.java:677)
at org.testng.internal.invokers.TestInvoker.invokeTestMethod(TestInvoker.java:221)
at org.testng.internal.invokers.MethodRunner.runInSequence(MethodRunner.java:50)
at org.testng.internal.invokers.TestInvoker$MethodInvocationAgent.invoke(TestInvoker.java:969)
at org.testng.internal.invokers.TestInvoker.invokeTestMethods(TestInvoker.java:194)
at org.testng.internal.invokers.TestMethodWorker.invokeTestMethods(TestMethodWorker.java:148)
at org.testng.internal.invokers.TestMethodWorker.run(TestMethodWorker.java:128)
at java.base/java.util.ArrayList.forEach(ArrayList.java:1511)
at org.testng.TestRunner.privateRun(TestRunner.java:829)
at org.testng.TestRunner.run(TestRunner.java:602)
at org.testng.SuiteRunner.runTest(SuiteRunner.java:437)
at org.testng.SuiteRunner$SuiteWorker.run(SuiteRunner.java:475)
at org.testng.internal.thread.ThreadUtil.lambda$execute$0(ThreadUtil.java:58)
at java.base/java.util.concurrent.FutureTask.run(FutureTask.java:264)
at java.base/java.util.concurrent.ThreadPoolExecutor.runWorker(ThreadPoolExecutor.java:1136)
at java.base/java.util.concurrent.ThreadPoolExecutor$Worker.run(ThreadPoolExecutor.java:635)
at java.base/java.lang.Thread.run(Thread.java:833)
]]>
            </full-stacktrace>
          </exception> <!-- java.lang.AssertionError -->
          <reporter-output>
          </reporter-output>
        </test-method> <!-- testFail -->
        <test-method is-config="true" signature="quitBrowser()[pri:0, instance:com.saucelab.test.FailedTestClass@1530c739]" started-at="2025-06-20T11:55:35 IST" name="quitBrowser" finished-at="2025-06-20T11:55:36 IST" duration-ms="301" status="PASS">
          <reporter-output>
          </reporter-output>
        </test-method> <!-- quitBrowser -->
        <test-method is-config="true" signature="removeLogger()[pri:0, instance:com.saucelab.test.FailedTestClass@1530c739]" started-at="2025-06-20T11:55:36 IST" name="removeLogger" finished-at="2025-06-20T11:55:36 IST" duration-ms="1" status="PASS">
          <reporter-output>
          </reporter-output>
        </test-method> <!-- removeLogger -->
      </class> <!-- com.saucelab.test.FailedTestClass -->
      <class name="com.practice.rough.FirstTest1">
        <test-method is-config="true" signature="setupLogger()[pri:0, instance:com.practice.rough.FirstTest1@5b1669c0]" started-at="2025-06-20T11:55:36 IST" name="setupLogger" finished-at="2025-06-20T11:55:36 IST" duration-ms="0" status="PASS">
          <reporter-output>
          </reporter-output>
        </test-method> <!-- setupLogger -->
        <test-method is-config="true" signature="setupLogger()[pri:0, instance:com.practice.rough.FirstTest1@5b1669c0]" started-at="2025-06-20T11:55:36 IST" name="setupLogger" finished-at="2025-06-20T11:55:36 IST" duration-ms="1" status="PASS">
          <reporter-output>
          </reporter-output>
        </test-method> <!-- setupLogger -->
        <test-method signature="doLogin(java.lang.String,java.lang.String,java.lang.String)[pri:0, instance:com.practice.rough.FirstTest1@5b1669c0]" started-at="2025-06-20T11:55:36 IST" name="doLogin" data-provider="getData" finished-at="2025-06-20T11:55:54 IST" duration-ms="18528" status="FAIL">
          <params>
            <param index="0">
              <value>
                <![CDATA[]]>
              </value>
            </param>
            <param index="1">
              <value>
                <![CDATA[secret_savisual_useruce]]>
              </value>
            </param>
            <param index="2">
              <value>
                <![CDATA[firefox]]>
              </value>
            </param>
          </params>
          <exception class="org.openqa.selenium.NoSuchElementException">
            <message>
              <![CDATA[Unable to locate element: .app_logo
For documentation on this error, please visit: https://www.selenium.dev/documentation/webdriver/troubleshooting/errors#no-such-element-exception
Build info: version: '4.32.0', revision: 'd17c8aa950'
System info: os.name: 'Windows 10', os.arch: 'amd64', os.version: '10.0', java.version: '17.0.1'
Driver info: org.openqa.selenium.firefox.FirefoxDriver
Command: [6d1295a3-4c87-4414-b4a9-9f3b11918b8f, findElement {value=app_logo, using=class name}]
Capabilities {acceptInsecureCerts: true, browserName: firefox, browserVersion: 138.0.4, moz:accessibilityChecks: false, moz:buildID: 20250517143237, moz:geckodriverVersion: 0.36.0, moz:headless: true, moz:platformVersion: 10.0, moz:processID: 12512, moz:profile: C:\Users\Admin\AppData\Loca..., moz:shutdownTimeout: 60000, moz:webdriverClick: true, moz:windowless: false, pageLoadStrategy: normal, platformName: windows, proxy: Proxy(), setWindowRect: true, strictFileInteractability: false, timeouts: {implicit: 0, pageLoad: 300000, script: 30000}, unhandledPromptBehavior: dismiss and notify, userAgent: Mozilla/5.0 (Windows NT 10....}
Session ID: 6d1295a3-4c87-4414-b4a9-9f3b11918b8f]]>
            </message>
            <full-stacktrace>
              <![CDATA[org.openqa.selenium.NoSuchElementException: Unable to locate element: .app_logo
For documentation on this error, please visit: https://www.selenium.dev/documentation/webdriver/troubleshooting/errors#no-such-element-exception
Build info: version: '4.32.0', revision: 'd17c8aa950'
System info: os.name: 'Windows 10', os.arch: 'amd64', os.version: '10.0', java.version: '17.0.1'
Driver info: org.openqa.selenium.firefox.FirefoxDriver
Command: [6d1295a3-4c87-4414-b4a9-9f3b11918b8f, findElement {value=app_logo, using=class name}]
Capabilities {acceptInsecureCerts: true, browserName: firefox, browserVersion: 138.0.4, moz:accessibilityChecks: false, moz:buildID: 20250517143237, moz:geckodriverVersion: 0.36.0, moz:headless: true, moz:platformVersion: 10.0, moz:processID: 12512, moz:profile: C:\Users\Admin\AppData\Loca..., moz:shutdownTimeout: 60000, moz:webdriverClick: true, moz:windowless: false, pageLoadStrategy: normal, platformName: windows, proxy: Proxy(), setWindowRect: true, strictFileInteractability: false, timeouts: {implicit: 0, pageLoad: 300000, script: 30000}, unhandledPromptBehavior: dismiss and notify, userAgent: Mozilla/5.0 (Windows NT 10....}
Session ID: 6d1295a3-4c87-4414-b4a9-9f3b11918b8f
at java.base/jdk.internal.reflect.NativeConstructorAccessorImpl.newInstance0(Native Method)
at java.base/jdk.internal.reflect.NativeConstructorAccessorImpl.newInstance(NativeConstructorAccessorImpl.java:77)
at java.base/jdk.internal.reflect.DelegatingConstructorAccessorImpl.newInstance(DelegatingConstructorAccessorImpl.java:45)
at java.base/java.lang.reflect.Constructor.newInstanceWithCaller(Constructor.java:499)
at java.base/java.lang.reflect.Constructor.newInstance(Constructor.java:480)
at org.openqa.selenium.remote.ErrorCodec.decode(ErrorCodec.java:167)
at org.openqa.selenium.remote.codec.w3c.W3CHttpResponseCodec.decode(W3CHttpResponseCodec.java:138)
at org.openqa.selenium.remote.codec.w3c.W3CHttpResponseCodec.decode(W3CHttpResponseCodec.java:50)
at org.openqa.selenium.remote.HttpCommandExecutor.execute(HttpCommandExecutor.java:215)
at org.openqa.selenium.remote.service.DriverCommandExecutor.invokeExecute(DriverCommandExecutor.java:216)
at org.openqa.selenium.remote.service.DriverCommandExecutor.execute(DriverCommandExecutor.java:174)
at org.openqa.selenium.remote.RemoteWebDriver.execute(RemoteWebDriver.java:545)
at org.openqa.selenium.remote.ElementLocation$ElementFinder$2.findElement(ElementLocation.java:165)
at org.openqa.selenium.remote.ElementLocation.findElement(ElementLocation.java:66)
at org.openqa.selenium.remote.RemoteWebDriver.findElement(RemoteWebDriver.java:368)
at org.openqa.selenium.remote.RemoteWebDriver.findElement(RemoteWebDriver.java:362)
at com.practice.rough.FirstTest1.doLogin(FirstTest1.java:29)
at java.base/jdk.internal.reflect.NativeMethodAccessorImpl.invoke0(Native Method)
at java.base/jdk.internal.reflect.NativeMethodAccessorImpl.invoke(NativeMethodAccessorImpl.java:77)
at java.base/jdk.internal.reflect.DelegatingMethodAccessorImpl.invoke(DelegatingMethodAccessorImpl.java:43)
at java.base/java.lang.reflect.Method.invoke(Method.java:568)
at org.testng.internal.invokers.MethodInvocationHelper.invokeMethod(MethodInvocationHelper.java:139)
at org.testng.internal.invokers.TestInvoker.invokeMethod(TestInvoker.java:677)
at org.testng.internal.invokers.TestInvoker.invokeTestMethod(TestInvoker.java:221)
at org.testng.internal.invokers.TestMethodWithDataProviderMethodWorker.call(TestMethodWithDataProviderMethodWorker.java:80)
at org.testng.internal.invokers.TestMethodWithDataProviderMethodWorker.call(TestMethodWithDataProviderMethodWorker.java:17)
at java.base/java.util.concurrent.FutureTask.run(FutureTask.java:264)
at java.base/java.util.concurrent.Executors$RunnableAdapter.call(Executors.java:539)
at java.base/java.util.concurrent.FutureTask.run(FutureTask.java:264)
at java.base/java.util.concurrent.ThreadPoolExecutor.runWorker(ThreadPoolExecutor.java:1136)
at java.base/java.util.concurrent.ThreadPoolExecutor$Worker.run(ThreadPoolExecutor.java:635)
at java.base/java.lang.Thread.run(Thread.java:833)
]]>
            </full-stacktrace>
          </exception> <!-- org.openqa.selenium.NoSuchElementException -->
          <reporter-output>
          </reporter-output>
        </test-method> <!-- doLogin -->
        <test-method signature="doLogin(java.lang.String,java.lang.String,java.lang.String)[pri:0, instance:com.practice.rough.FirstTest1@5b1669c0]" started-at="2025-06-20T11:55:36 IST" name="doLogin" data-provider="getData" finished-at="2025-06-20T11:55:41 IST" duration-ms="5774" status="PASS">
          <params>
            <param index="0">
              <value>
                <![CDATA[standard_user]]>
              </value>
            </param>
            <param index="1">
              <value>
                <![CDATA[secret_sauce]]>
              </value>
            </param>
            <param index="2">
              <value>
                <![CDATA[chrome]]>
              </value>
            </param>
          </params>
          <reporter-output>
          </reporter-output>
        </test-method> <!-- doLogin -->
        <test-method is-config="true" signature="quitBrowser()[pri:0, instance:com.practice.rough.FirstTest1@5b1669c0]" started-at="2025-06-20T11:55:41 IST" name="quitBrowser" finished-at="2025-06-20T11:55:41 IST" duration-ms="0" status="PASS">
          <reporter-output>
          </reporter-output>
        </test-method> <!-- quitBrowser -->
        <test-method is-config="true" signature="removeLogger()[pri:0, instance:com.practice.rough.FirstTest1@5b1669c0]" started-at="2025-06-20T11:55:41 IST" name="removeLogger" finished-at="2025-06-20T11:55:41 IST" duration-ms="0" status="PASS">
          <reporter-output>
          </reporter-output>
        </test-method> <!-- removeLogger -->
        <test-method is-config="true" signature="quitBrowser()[pri:0, instance:com.practice.rough.FirstTest1@5b1669c0]" started-at="2025-06-20T11:55:54 IST" name="quitBrowser" finished-at="2025-06-20T11:55:55 IST" duration-ms="988" status="PASS">
          <reporter-output>
          </reporter-output>
        </test-method> <!-- quitBrowser -->
        <test-method is-config="true" signature="removeLogger()[pri:0, instance:com.practice.rough.FirstTest1@5b1669c0]" started-at="2025-06-20T11:55:55 IST" name="removeLogger" finished-at="2025-06-20T11:55:55 IST" duration-ms="0" status="PASS">
          <reporter-output>
          </reporter-output>
        </test-method> <!-- removeLogger -->
      </class> <!-- com.practice.rough.FirstTest1 -->
      <class name="com.practice.rough.FirstTest2">
        <test-method signature="doLogin(java.lang.String,java.lang.String,java.lang.String)[pri:0, instance:com.practice.rough.FirstTest2@78e4deb0]" started-at="2025-06-20T11:55:55 IST" name="doLogin" data-provider="getData" finished-at="2025-06-20T11:55:58 IST" duration-ms="3116" status="FAIL">
          <params>
            <param index="0">
              <value>
                <![CDATA[standard_user]]>
              </value>
            </param>
            <param index="1">
              <value>
                <![CDATA[secret_sauce]]>
              </value>
            </param>
            <param index="2">
              <value>
                <![CDATA[chrome]]>
              </value>
            </param>
          </params>
          <exception class="java.lang.AssertionError">
            <message>
              <![CDATA[The following asserts failed:
null]]>
            </message>
            <full-stacktrace>
              <![CDATA[java.lang.AssertionError: The following asserts failed:
null
at org.testng.asserts.SoftAssert.assertAll(SoftAssert.java:46)
at org.testng.asserts.SoftAssert.assertAll(SoftAssert.java:30)
at com.practice.rough.FirstTest2.doLogin(FirstTest2.java:38)
at java.base/jdk.internal.reflect.NativeMethodAccessorImpl.invoke0(Native Method)
at java.base/jdk.internal.reflect.NativeMethodAccessorImpl.invoke(NativeMethodAccessorImpl.java:77)
at java.base/jdk.internal.reflect.DelegatingMethodAccessorImpl.invoke(DelegatingMethodAccessorImpl.java:43)
at java.base/java.lang.reflect.Method.invoke(Method.java:568)
at org.testng.internal.invokers.MethodInvocationHelper.invokeMethod(MethodInvocationHelper.java:139)
at org.testng.internal.invokers.TestInvoker.invokeMethod(TestInvoker.java:677)
at org.testng.internal.invokers.TestInvoker.invokeTestMethod(TestInvoker.java:221)
at org.testng.internal.invokers.MethodRunner.runInSequence(MethodRunner.java:50)
at org.testng.internal.invokers.TestInvoker$MethodInvocationAgent.invoke(TestInvoker.java:969)
at org.testng.internal.invokers.TestInvoker.invokeTestMethods(TestInvoker.java:194)
at org.testng.internal.invokers.TestMethodWorker.invokeTestMethods(TestMethodWorker.java:148)
at org.testng.internal.invokers.TestMethodWorker.run(TestMethodWorker.java:128)
at java.base/java.util.ArrayList.forEach(ArrayList.java:1511)
at org.testng.TestRunner.privateRun(TestRunner.java:829)
at org.testng.TestRunner.run(TestRunner.java:602)
at org.testng.SuiteRunner.runTest(SuiteRunner.java:437)
at org.testng.SuiteRunner$SuiteWorker.run(SuiteRunner.java:475)
at org.testng.internal.thread.ThreadUtil.lambda$execute$0(ThreadUtil.java:58)
at java.base/java.util.concurrent.FutureTask.run(FutureTask.java:264)
at java.base/java.util.concurrent.ThreadPoolExecutor.runWorker(ThreadPoolExecutor.java:1136)
at java.base/java.util.concurrent.ThreadPoolExecutor$Worker.run(ThreadPoolExecutor.java:635)
at java.base/java.lang.Thread.run(Thread.java:833)
]]>
            </full-stacktrace>
          </exception> <!-- java.lang.AssertionError -->
          <reporter-output>
          </reporter-output>
        </test-method> <!-- doLogin -->
        <test-method is-config="true" signature="setupLogger()[pri:0, instance:com.practice.rough.FirstTest2@78e4deb0]" started-at="2025-06-20T11:55:55 IST" name="setupLogger" finished-at="2025-06-20T11:55:55 IST" duration-ms="0" status="PASS">
          <reporter-output>
          </reporter-output>
        </test-method> <!-- setupLogger -->
        <test-method is-config="true" signature="quitBrowser()[pri:0, instance:com.practice.rough.FirstTest2@78e4deb0]" started-at="2025-06-20T11:55:58 IST" name="quitBrowser" finished-at="2025-06-20T11:55:59 IST" duration-ms="162" status="PASS">
          <reporter-output>
          </reporter-output>
        </test-method> <!-- quitBrowser -->
        <test-method signature="doLogin(java.lang.String,java.lang.String,java.lang.String)[pri:0, instance:com.practice.rough.FirstTest2@78e4deb0]" started-at="2025-06-20T11:55:59 IST" name="doLogin" data-provider="getData" finished-at="2025-06-20T11:56:13 IST" duration-ms="14404" status="FAIL">
          <params>
            <param index="0">
              <value>
                <![CDATA[standard_user]]>
              </value>
            </param>
            <param index="1">
              <value>
                <![CDATA[secret_sauce1]]>
              </value>
            </param>
            <param index="2">
              <value>
                <![CDATA[firefox]]>
              </value>
            </param>
          </params>
          <exception class="org.openqa.selenium.NoSuchElementException">
            <message>
              <![CDATA[Unable to locate element: .app_logo
For documentation on this error, please visit: https://www.selenium.dev/documentation/webdriver/troubleshooting/errors#no-such-element-exception
Build info: version: '4.32.0', revision: 'd17c8aa950'
System info: os.name: 'Windows 10', os.arch: 'amd64', os.version: '10.0', java.version: '17.0.1'
Driver info: org.openqa.selenium.firefox.FirefoxDriver
Command: [86712a0c-2271-4578-bff0-00968652ef8c, findElement {value=app_logo, using=class name}]
Capabilities {acceptInsecureCerts: true, browserName: firefox, browserVersion: 138.0.4, moz:accessibilityChecks: false, moz:buildID: 20250517143237, moz:geckodriverVersion: 0.36.0, moz:headless: true, moz:platformVersion: 10.0, moz:processID: 21536, moz:profile: C:\Users\Admin\AppData\Loca..., moz:shutdownTimeout: 60000, moz:webdriverClick: true, moz:windowless: false, pageLoadStrategy: normal, platformName: windows, proxy: Proxy(), setWindowRect: true, strictFileInteractability: false, timeouts: {implicit: 0, pageLoad: 300000, script: 30000}, unhandledPromptBehavior: dismiss and notify, userAgent: Mozilla/5.0 (Windows NT 10....}
Session ID: 86712a0c-2271-4578-bff0-00968652ef8c]]>
            </message>
            <full-stacktrace>
              <![CDATA[org.openqa.selenium.NoSuchElementException: Unable to locate element: .app_logo
For documentation on this error, please visit: https://www.selenium.dev/documentation/webdriver/troubleshooting/errors#no-such-element-exception
Build info: version: '4.32.0', revision: 'd17c8aa950'
System info: os.name: 'Windows 10', os.arch: 'amd64', os.version: '10.0', java.version: '17.0.1'
Driver info: org.openqa.selenium.firefox.FirefoxDriver
Command: [86712a0c-2271-4578-bff0-00968652ef8c, findElement {value=app_logo, using=class name}]
Capabilities {acceptInsecureCerts: true, browserName: firefox, browserVersion: 138.0.4, moz:accessibilityChecks: false, moz:buildID: 20250517143237, moz:geckodriverVersion: 0.36.0, moz:headless: true, moz:platformVersion: 10.0, moz:processID: 21536, moz:profile: C:\Users\Admin\AppData\Loca..., moz:shutdownTimeout: 60000, moz:webdriverClick: true, moz:windowless: false, pageLoadStrategy: normal, platformName: windows, proxy: Proxy(), setWindowRect: true, strictFileInteractability: false, timeouts: {implicit: 0, pageLoad: 300000, script: 30000}, unhandledPromptBehavior: dismiss and notify, userAgent: Mozilla/5.0 (Windows NT 10....}
Session ID: 86712a0c-2271-4578-bff0-00968652ef8c
at java.base/jdk.internal.reflect.NativeConstructorAccessorImpl.newInstance0(Native Method)
at java.base/jdk.internal.reflect.NativeConstructorAccessorImpl.newInstance(NativeConstructorAccessorImpl.java:77)
at java.base/jdk.internal.reflect.DelegatingConstructorAccessorImpl.newInstance(DelegatingConstructorAccessorImpl.java:45)
at java.base/java.lang.reflect.Constructor.newInstanceWithCaller(Constructor.java:499)
at java.base/java.lang.reflect.Constructor.newInstance(Constructor.java:480)
at org.openqa.selenium.remote.ErrorCodec.decode(ErrorCodec.java:167)
at org.openqa.selenium.remote.codec.w3c.W3CHttpResponseCodec.decode(W3CHttpResponseCodec.java:138)
at org.openqa.selenium.remote.codec.w3c.W3CHttpResponseCodec.decode(W3CHttpResponseCodec.java:50)
at org.openqa.selenium.remote.HttpCommandExecutor.execute(HttpCommandExecutor.java:215)
at org.openqa.selenium.remote.service.DriverCommandExecutor.invokeExecute(DriverCommandExecutor.java:216)
at org.openqa.selenium.remote.service.DriverCommandExecutor.execute(DriverCommandExecutor.java:174)
at org.openqa.selenium.remote.RemoteWebDriver.execute(RemoteWebDriver.java:545)
at org.openqa.selenium.remote.ElementLocation$ElementFinder$2.findElement(ElementLocation.java:165)
at org.openqa.selenium.remote.ElementLocation.findElement(ElementLocation.java:66)
at org.openqa.selenium.remote.RemoteWebDriver.findElement(RemoteWebDriver.java:368)
at org.openqa.selenium.remote.RemoteWebDriver.findElement(RemoteWebDriver.java:362)
at com.practice.rough.FirstTest2.doLogin(FirstTest2.java:32)
at java.base/jdk.internal.reflect.NativeMethodAccessorImpl.invoke0(Native Method)
at java.base/jdk.internal.reflect.NativeMethodAccessorImpl.invoke(NativeMethodAccessorImpl.java:77)
at java.base/jdk.internal.reflect.DelegatingMethodAccessorImpl.invoke(DelegatingMethodAccessorImpl.java:43)
at java.base/java.lang.reflect.Method.invoke(Method.java:568)
at org.testng.internal.invokers.MethodInvocationHelper.invokeMethod(MethodInvocationHelper.java:139)
at org.testng.internal.invokers.TestInvoker.invokeMethod(TestInvoker.java:677)
at org.testng.internal.invokers.TestInvoker.invokeTestMethod(TestInvoker.java:221)
at org.testng.internal.invokers.MethodRunner.runInSequence(MethodRunner.java:50)
at org.testng.internal.invokers.TestInvoker$MethodInvocationAgent.invoke(TestInvoker.java:969)
at org.testng.internal.invokers.TestInvoker.invokeTestMethods(TestInvoker.java:194)
at org.testng.internal.invokers.TestMethodWorker.invokeTestMethods(TestMethodWorker.java:148)
at org.testng.internal.invokers.TestMethodWorker.run(TestMethodWorker.java:128)
at java.base/java.util.ArrayList.forEach(ArrayList.java:1511)
at org.testng.TestRunner.privateRun(TestRunner.java:829)
at org.testng.TestRunner.run(TestRunner.java:602)
at org.testng.SuiteRunner.runTest(SuiteRunner.java:437)
at org.testng.SuiteRunner$SuiteWorker.run(SuiteRunner.java:475)
at org.testng.internal.thread.ThreadUtil.lambda$execute$0(ThreadUtil.java:58)
at java.base/java.util.concurrent.FutureTask.run(FutureTask.java:264)
at java.base/java.util.concurrent.ThreadPoolExecutor.runWorker(ThreadPoolExecutor.java:1136)
at java.base/java.util.concurrent.ThreadPoolExecutor$Worker.run(ThreadPoolExecutor.java:635)
at java.base/java.lang.Thread.run(Thread.java:833)
]]>
            </full-stacktrace>
          </exception> <!-- org.openqa.selenium.NoSuchElementException -->
          <reporter-output>
          </reporter-output>
        </test-method> <!-- doLogin -->
        <test-method is-config="true" signature="removeLogger()[pri:0, instance:com.practice.rough.FirstTest2@78e4deb0]" started-at="2025-06-20T11:55:59 IST" name="removeLogger" finished-at="2025-06-20T11:55:59 IST" duration-ms="0" status="PASS">
          <reporter-output>
          </reporter-output>
        </test-method> <!-- removeLogger -->
        <test-method is-config="true" signature="setupLogger()[pri:0, instance:com.practice.rough.FirstTest2@78e4deb0]" started-at="2025-06-20T11:55:59 IST" name="setupLogger" finished-at="2025-06-20T11:55:59 IST" duration-ms="0" status="PASS">
          <reporter-output>
          </reporter-output>
        </test-method> <!-- setupLogger -->
        <test-method is-config="true" signature="quitBrowser()[pri:0, instance:com.practice.rough.FirstTest2@78e4deb0]" started-at="2025-06-20T11:56:13 IST" name="quitBrowser" finished-at="2025-06-20T11:56:14 IST" duration-ms="1087" status="PASS">
          <reporter-output>
          </reporter-output>
        </test-method> <!-- quitBrowser -->
        <test-method is-config="true" signature="removeLogger()[pri:0, instance:com.practice.rough.FirstTest2@78e4deb0]" started-at="2025-06-20T11:56:14 IST" name="removeLogger" finished-at="2025-06-20T11:56:14 IST" duration-ms="0" status="PASS">
          <reporter-output>
          </reporter-output>
        </test-method> <!-- removeLogger -->
        <test-method signature="testFail(java.lang.String)[pri:0, instance:com.practice.rough.FirstTest2@78e4deb0]" started-at="2025-06-20T11:56:14 IST" name="testFail" finished-at="2025-06-20T11:56:16 IST" duration-ms="1780" status="FAIL">
          <params>
            <param index="0">
              <value>
                <![CDATA[chrome]]>
              </value>
            </param>
          </params>
          <exception class="java.lang.AssertionError">
            <message>
              <![CDATA[Deliberate fail]]>
            </message>
            <full-stacktrace>
              <![CDATA[java.lang.AssertionError: Deliberate fail
at org.testng.Assert.fail(Assert.java:110)
at com.practice.rough.FirstTest2.testFail(FirstTest2.java:64)
at java.base/jdk.internal.reflect.NativeMethodAccessorImpl.invoke0(Native Method)
at java.base/jdk.internal.reflect.NativeMethodAccessorImpl.invoke(NativeMethodAccessorImpl.java:77)
at java.base/jdk.internal.reflect.DelegatingMethodAccessorImpl.invoke(DelegatingMethodAccessorImpl.java:43)
at java.base/java.lang.reflect.Method.invoke(Method.java:568)
at org.testng.internal.invokers.MethodInvocationHelper.invokeMethod(MethodInvocationHelper.java:139)
at org.testng.internal.invokers.TestInvoker.invokeMethod(TestInvoker.java:677)
at org.testng.internal.invokers.TestInvoker.invokeTestMethod(TestInvoker.java:221)
at org.testng.internal.invokers.MethodRunner.runInSequence(MethodRunner.java:50)
at org.testng.internal.invokers.TestInvoker$MethodInvocationAgent.invoke(TestInvoker.java:969)
at org.testng.internal.invokers.TestInvoker.invokeTestMethods(TestInvoker.java:194)
at org.testng.internal.invokers.TestMethodWorker.invokeTestMethods(TestMethodWorker.java:148)
at org.testng.internal.invokers.TestMethodWorker.run(TestMethodWorker.java:128)
at java.base/java.util.ArrayList.forEach(ArrayList.java:1511)
at org.testng.TestRunner.privateRun(TestRunner.java:829)
at org.testng.TestRunner.run(TestRunner.java:602)
at org.testng.SuiteRunner.runTest(SuiteRunner.java:437)
at org.testng.SuiteRunner$SuiteWorker.run(SuiteRunner.java:475)
at org.testng.internal.thread.ThreadUtil.lambda$execute$0(ThreadUtil.java:58)
at java.base/java.util.concurrent.FutureTask.run(FutureTask.java:264)
at java.base/java.util.concurrent.ThreadPoolExecutor.runWorker(ThreadPoolExecutor.java:1136)
at java.base/java.util.concurrent.ThreadPoolExecutor$Worker.run(ThreadPoolExecutor.java:635)
at java.base/java.lang.Thread.run(Thread.java:833)
]]>
            </full-stacktrace>
          </exception> <!-- java.lang.AssertionError -->
          <reporter-output>
          </reporter-output>
        </test-method> <!-- testFail -->
        <test-method is-config="true" signature="setupLogger()[pri:0, instance:com.practice.rough.FirstTest2@78e4deb0]" started-at="2025-06-20T11:56:14 IST" name="setupLogger" finished-at="2025-06-20T11:56:14 IST" duration-ms="0" status="PASS">
          <reporter-output>
          </reporter-output>
        </test-method> <!-- setupLogger -->
        <test-method is-config="true" signature="quitBrowser()[pri:0, instance:com.practice.rough.FirstTest2@78e4deb0]" started-at="2025-06-20T11:56:16 IST" name="quitBrowser" finished-at="2025-06-20T11:56:16 IST" duration-ms="153" status="PASS">
          <reporter-output>
          </reporter-output>
        </test-method> <!-- quitBrowser -->
        <test-method is-config="true" signature="removeLogger()[pri:0, instance:com.practice.rough.FirstTest2@78e4deb0]" started-at="2025-06-20T11:56:16 IST" name="removeLogger" finished-at="2025-06-20T11:56:16 IST" duration-ms="0" status="PASS">
          <reporter-output>
          </reporter-output>
        </test-method> <!-- removeLogger -->
      </class> <!-- com.practice.rough.FirstTest2 -->
      <class name="com.practice.rough.FirstTest3">
        <test-method signature="doLogin(java.lang.String,java.lang.String,java.lang.String)[pri:0, instance:com.practice.rough.FirstTest3@6e9175d8]" started-at="2025-06-20T11:56:16 IST" name="doLogin" data-provider="getData" finished-at="2025-06-20T11:56:19 IST" duration-ms="3229" status="PASS">
          <params>
            <param index="0">
              <value>
                <![CDATA[standard_user]]>
              </value>
            </param>
            <param index="1">
              <value>
                <![CDATA[secret_sauce]]>
              </value>
            </param>
            <param index="2">
              <value>
                <![CDATA[chrome]]>
              </value>
            </param>
          </params>
          <reporter-output>
          </reporter-output>
        </test-method> <!-- doLogin -->
        <test-method is-config="true" signature="setupLogger()[pri:0, instance:com.practice.rough.FirstTest3@6e9175d8]" started-at="2025-06-20T11:56:16 IST" name="setupLogger" finished-at="2025-06-20T11:56:16 IST" duration-ms="0" status="PASS">
          <reporter-output>
          </reporter-output>
        </test-method> <!-- setupLogger -->
        <test-method signature="doLogin(java.lang.String,java.lang.String,java.lang.String)[pri:0, instance:com.practice.rough.FirstTest3@6e9175d8]" started-at="2025-06-20T11:56:19 IST" name="doLogin" data-provider="getData" finished-at="2025-06-20T11:56:24 IST" duration-ms="4714" status="PASS">
          <params>
            <param index="0">
              <value>
                <![CDATA[visual_user]]>
              </value>
            </param>
            <param index="1">
              <value>
                <![CDATA[secret_sauce]]>
              </value>
            </param>
            <param index="2">
              <value>
                <![CDATA[edge]]>
              </value>
            </param>
          </params>
          <reporter-output>
          </reporter-output>
        </test-method> <!-- doLogin -->
        <test-method is-config="true" signature="setupLogger()[pri:0, instance:com.practice.rough.FirstTest3@6e9175d8]" started-at="2025-06-20T11:56:19 IST" name="setupLogger" finished-at="2025-06-20T11:56:19 IST" duration-ms="0" status="PASS">
          <reporter-output>
          </reporter-output>
        </test-method> <!-- setupLogger -->
        <test-method is-config="true" signature="removeLogger()[pri:0, instance:com.practice.rough.FirstTest3@6e9175d8]" started-at="2025-06-20T11:56:19 IST" name="removeLogger" finished-at="2025-06-20T11:56:19 IST" duration-ms="0" status="PASS">
          <reporter-output>
          </reporter-output>
        </test-method> <!-- removeLogger -->
        <test-method is-config="true" signature="quitBrowser()[pri:0, instance:com.practice.rough.FirstTest3@6e9175d8]" started-at="2025-06-20T11:56:19 IST" name="quitBrowser" finished-at="2025-06-20T11:56:19 IST" duration-ms="0" status="PASS">
          <reporter-output>
          </reporter-output>
        </test-method> <!-- quitBrowser -->
        <test-method is-config="true" signature="removeLogger()[pri:0, instance:com.practice.rough.FirstTest3@6e9175d8]" started-at="2025-06-20T11:56:24 IST" name="removeLogger" finished-at="2025-06-20T11:56:24 IST" duration-ms="0" status="PASS">
          <reporter-output>
          </reporter-output>
        </test-method> <!-- removeLogger -->
        <test-method is-config="true" signature="quitBrowser()[pri:0, instance:com.practice.rough.FirstTest3@6e9175d8]" started-at="2025-06-20T11:56:24 IST" name="quitBrowser" finished-at="2025-06-20T11:56:24 IST" duration-ms="0" status="PASS">
          <reporter-output>
          </reporter-output>
        </test-method> <!-- quitBrowser -->
      </class> <!-- com.practice.rough.FirstTest3 -->
    </test> <!-- Test1 -->
  </suite> <!-- Suite -->
</testng-results>
